<?xml version="1.0" encoding="UTF-8"?>
<!DOCTYPE html PUBLIC "-//W3C//DTD XHTML 1.0 Strict//EN" "http://www.w3.org/TR/xhtml1/DTD/xhtml1-strict.dtd">
<html xmlns="http://www.w3.org/1999/xhtml">
<head>
    <title>Crc regression Test Report</title>
    <meta name="generator" content="HTMLTestRunner 0.8.2"/>
    <meta http-equiv="Content-Type" content="text/html; charset=UTF-8"/>
    
<style type="text/css" media="screen">
body        { font-family: verdana, arial, helvetica, sans-serif; font-size: 80%; }
table       { font-size: 100%; }
pre         { }

/* -- heading ---------------------------------------------------------------------- */
h1 {
	font-size: 16pt;
	color: gray;
}
.heading {
    margin-top: 0ex;
    margin-bottom: 1ex;
}

.heading .attribute {
    margin-top: 1ex;
    margin-bottom: 0;
}

.heading .description {
    margin-top: 4ex;
    margin-bottom: 6ex;
}

/* -- css div popup ------------------------------------------------------------------------ */
a.popup_link {
}

a.popup_link:hover {
    color: red;
}

.popup_window {
    display: none;
    position: relative;
    left: 0px;
    top: 0px;
    /*border: solid #627173 1px; */
    padding: 10px;
    background-color: #E6E6D6;
    font-family: "Lucida Console", "Courier New", Courier, monospace;
    text-align: left;
    font-size: 8pt;
    width: 500px;
}

}
/* -- report ------------------------------------------------------------------------ */
#show_detail_line {
    margin-top: 3ex;
    margin-bottom: 1ex;
}
#result_table {
    width: 80%;
    border-collapse: collapse;
    border: 1px solid #777;
}
#header_row {
    font-weight: bold;
    color: white;
    background-color: #777;
}
#result_table td {
    border: 1px solid #777;
    padding: 2px;
}
#total_row  { font-weight: bold; }
.passClass  { background-color: #6c6; }
.failClass  { background-color: #c60; }
.errorClass { background-color: #c00; }
.passCase   { color: #6c6; }
.failCase   { color: #c60; font-weight: bold; }
.errorCase  { color: #c00; font-weight: bold; }
.hiddenRow  { display: none; }
.testcase   { margin-left: 2em; }


/* -- ending ---------------------------------------------------------------------- */
#ending {
}

</style>

</head>
<body>
<script language="javascript" type="text/javascript"><!--
output_list = Array();

/* level - 0:Summary; 1:Failed; 2:All */
function showCase(level) {
    trs = document.getElementsByTagName("tr");
    for (var i = 0; i < trs.length; i++) {
        tr = trs[i];
        id = tr.id;
        if (id.substr(0,2) == 'ft') {
            if (level < 1) {
                tr.className = 'hiddenRow';
            }
            else {
                tr.className = '';
            }
        }
        if (id.substr(0,2) == 'pt') {
            if (level > 1) {
                tr.className = '';
            }
            else {
                tr.className = 'hiddenRow';
            }
        }
    }
}


function showClassDetail(cid, count) {
    var id_list = Array(count);
    var toHide = 1;
    for (var i = 0; i < count; i++) {
        tid0 = 't' + cid.substr(1) + '.' + (i+1);
        tid = 'f' + tid0;
        tr = document.getElementById(tid);
        if (!tr) {
            tid = 'p' + tid0;
            tr = document.getElementById(tid);
        }
        id_list[i] = tid;
        if (tr.className) {
            toHide = 0;
        }
    }
    for (var i = 0; i < count; i++) {
        tid = id_list[i];
        if (toHide) {
            document.getElementById('div_'+tid).style.display = 'none'
            document.getElementById(tid).className = 'hiddenRow';
        }
        else {
            document.getElementById(tid).className = '';
        }
    }
}


function showTestDetail(div_id){
    var details_div = document.getElementById(div_id)
    var displayState = details_div.style.display
    // alert(displayState)
    if (displayState != 'block' ) {
        displayState = 'block'
        details_div.style.display = 'block'
    }
    else {
        details_div.style.display = 'none'
    }
}


function html_escape(s) {
    s = s.replace(/&/g,'&amp;');
    s = s.replace(/</g,'&lt;');
    s = s.replace(/>/g,'&gt;');
    return s;
}

/* obsoleted by detail in <div>
function showOutput(id, name) {
    var w = window.open("", //url
                    name,
                    "resizable,scrollbars,status,width=800,height=450");
    d = w.document;
    d.write("<pre>");
    d.write(html_escape(output_list[id]));
    d.write("\n");
    d.write("<a href='javascript:window.close()'>close</a>\n");
    d.write("</pre>\n");
    d.close();
}
*/
--></script>

<div class='heading'>
<h1>Crc regression Test Report</h1>
<p class='attribute'><strong>Start Time:</strong> 2022-03-04 23:04:56</p>
<p class='attribute'><strong>Duration:</strong> 0:01:58.419611</p>
<p class='attribute'><strong>Status:</strong> Pass 4 Error 9</p>

<p class='description'></p>
</div>



<p id='show_detail_line'>Show
<a href='javascript:showCase(0)'>Summary</a>
<a href='javascript:showCase(1)'>Failed</a>
<a href='javascript:showCase(2)'>All</a>
</p>
<table id='result_table'>
<colgroup>
<col align='left' />
<col align='right' />
<col align='right' />
<col align='right' />
<col align='right' />
<col align='right' />
</colgroup>
<tr id='header_row'>
    <td>Test Group/Test case</td>
    <td>Count</td>
    <td>Pass</td>
    <td>Fail</td>
    <td>Error</td>
    <td>View</td>
</tr>

<tr class='errorClass'>
    <td>cQube_Dashboard.CRC_Visit.crc_report_regression_testing.cQube_CRC_Report</td>
    <td>13</td>
    <td>4</td>
    <td>0</td>
    <td>9</td>
    <td><a href="javascript:showClassDetail('c1',13)">Detail</a></td>
</tr>

<tr id='ft1.1' class='none'>
    <td class='errorCase'><div class='testcase'>test_crc_districtwise</div></td>
    <td colspan='5' align='center'>

    <!--css div popup start-->
    <a class="popup_link" onfocus='this.blur();' href="javascript:showTestDetail('div_ft1.1')" >
        error</a>

    <div id='div_ft1.1' class="popup_window">
        <div style='text-align: right; color:red;cursor:pointer'>
        <a onfocus='this.blur();' onclick="document.getElementById('div_ft1.1').style.display = 'none' " >
           [x]</a>
        </div>
        <pre>
        
ft1.1: Traceback (most recent call last):
  File "/home/chetan/Documents/cQube/cQubeTesting-3.4/cQube_Dashboard/CRC_Visit/crc_report_regression_testing.py", line 59, in test_crc_districtwise
    result = b.test_districtwise()
  File "/home/chetan/Documents/cQube/cQubeTesting-3.4/cQube_Dashboard/CRC_Visit/CRC_Report.py", line 266, in test_districtwise
    self.driver.find_element_by_xpath(Data.hyper_link).click()
  File "/usr/local/lib/python3.8/dist-packages/selenium/webdriver/remote/webelement.py", line 80, in click
    self._execute(Command.CLICK_ELEMENT)
  File "/usr/local/lib/python3.8/dist-packages/selenium/webdriver/remote/webelement.py", line 628, in _execute
    return self._parent.execute(command, params)
  File "/usr/local/lib/python3.8/dist-packages/selenium/webdriver/remote/webdriver.py", line 320, in execute
    self.error_handler.check_response(response)
  File "/usr/local/lib/python3.8/dist-packages/selenium/webdriver/remote/errorhandler.py", line 242, in check_response
    raise exception_class(message, screen, stacktrace)
selenium.common.exceptions.ElementClickInterceptedException: Message: element click intercepted: Element &lt;span class="selected-level" style="cursor: pointer; text-decoration: underline;"&gt;...&lt;/span&gt; is not clickable at point (413, 147). Other element would receive the click: &lt;div class="mat-drawer-backdrop ng-star-inserted"&gt;&lt;/div&gt;
  (Session info: headless chrome=90.0.4430.72)



        </pre>
    </div>
    <!--css div popup end-->

    </td>
</tr>

<tr id='ft1.2' class='none'>
    <td class='errorCase'><div class='testcase'>test_crc_graph</div></td>
    <td colspan='5' align='center'>

    <!--css div popup start-->
    <a class="popup_link" onfocus='this.blur();' href="javascript:showTestDetail('div_ft1.2')" >
        error</a>

    <div id='div_ft1.2' class="popup_window">
        <div style='text-align: right; color:red;cursor:pointer'>
        <a onfocus='this.blur();' onclick="document.getElementById('div_ft1.2').style.display = 'none' " >
           [x]</a>
        </div>
        <pre>
        
ft1.2: Traceback (most recent call last):
  File "/home/chetan/Documents/cQube/cQubeTesting-3.4/cQube_Dashboard/CRC_Visit/crc_report_regression_testing.py", line 95, in test_crc_graph
    res1, res2 = b.test_plots()
  File "/home/chetan/Documents/cQube/cQubeTesting-3.4/cQube_Dashboard/CRC_Visit/CRC_Report.py", line 477, in test_plots
    dist.select_by_index(5)
  File "/usr/local/lib/python3.8/dist-packages/selenium/webdriver/support/select.py", line 103, in select_by_index
    raise NoSuchElementException("Could not locate element with index %d" % index)
selenium.common.exceptions.NoSuchElementException: Message: Could not locate element with index 5



        </pre>
    </div>
    <!--css div popup end-->

    </td>
</tr>

<tr id='pt1.3' class='hiddenRow'>
    <td class='none'><div class='testcase'>test_districtwise_tabledata</div></td>
    <td colspan='5' align='center'>

    <!--css div popup start-->
    <a class="popup_link" onfocus='this.blur();' href="javascript:showTestDetail('div_pt1.3')" >
        pass</a>

    <div id='div_pt1.3' class="popup_window">
        <div style='text-align: right; color:red;cursor:pointer'>
        <a onfocus='this.blur();' onclick="document.getElementById('div_pt1.3').style.display = 'none' " >
           [x]</a>
        </div>
        <pre>
        
pt1.3: checked with districtwise table data


        </pre>
    </div>
    <!--css div popup end-->

    </td>
</tr>

<tr id='ft1.4' class='none'>
    <td class='errorCase'><div class='testcase'>test_download_blockwise_csv</div></td>
    <td colspan='5' align='center'>

    <!--css div popup start-->
    <a class="popup_link" onfocus='this.blur();' href="javascript:showTestDetail('div_ft1.4')" >
        error</a>

    <div id='div_ft1.4' class="popup_window">
        <div style='text-align: right; color:red;cursor:pointer'>
        <a onfocus='this.blur();' onclick="document.getElementById('div_ft1.4').style.display = 'none' " >
           [x]</a>
        </div>
        <pre>
        
ft1.4: Traceback (most recent call last):
  File "/home/chetan/Documents/cQube/cQubeTesting-3.4/cQube_Dashboard/CRC_Visit/crc_report_regression_testing.py", line 38, in test_download_blockwise_csv
    result = b.test_blockwise()
  File "/home/chetan/Documents/cQube/cQubeTesting-3.4/cQube_Dashboard/CRC_Visit/CRC_Report.py", line 114, in test_blockwise
    District_wise=Select(self.driver.find_element_by_id("downloader"))
  File "/usr/local/lib/python3.8/dist-packages/selenium/webdriver/remote/webdriver.py", line 359, in find_element_by_id
    return self.find_element(by=By.ID, value=id_)
  File "/usr/local/lib/python3.8/dist-packages/selenium/webdriver/remote/webdriver.py", line 964, in find_element
    return self.execute(Command.FIND_ELEMENT, {
  File "/usr/local/lib/python3.8/dist-packages/selenium/webdriver/remote/webdriver.py", line 320, in execute
    self.error_handler.check_response(response)
  File "/usr/local/lib/python3.8/dist-packages/selenium/webdriver/remote/errorhandler.py", line 242, in check_response
    raise exception_class(message, screen, stacktrace)
selenium.common.exceptions.NoSuchElementException: Message: no such element: Unable to locate element: {"method":"css selector","selector":"[id="downloader"]"}
  (Session info: headless chrome=90.0.4430.72)



        </pre>
    </div>
    <!--css div popup end-->

    </td>
</tr>

<tr id='ft1.5' class='none'>
    <td class='errorCase'><div class='testcase'>test_download_clusterwise_csv</div></td>
    <td colspan='5' align='center'>

    <!--css div popup start-->
    <a class="popup_link" onfocus='this.blur();' href="javascript:showTestDetail('div_ft1.5')" >
        error</a>

    <div id='div_ft1.5' class="popup_window">
        <div style='text-align: right; color:red;cursor:pointer'>
        <a onfocus='this.blur();' onclick="document.getElementById('div_ft1.5').style.display = 'none' " >
           [x]</a>
        </div>
        <pre>
        
ft1.5: Traceback (most recent call last):
  File "/home/chetan/Documents/cQube/cQubeTesting-3.4/cQube_Dashboard/CRC_Visit/crc_report_regression_testing.py", line 45, in test_download_clusterwise_csv
    result = b.test_clusterwise()
  File "/home/chetan/Documents/cQube/cQubeTesting-3.4/cQube_Dashboard/CRC_Visit/CRC_Report.py", line 166, in test_clusterwise
    District_wise = Select(self.driver.find_element_by_id("downloader"))
  File "/usr/local/lib/python3.8/dist-packages/selenium/webdriver/remote/webdriver.py", line 359, in find_element_by_id
    return self.find_element(by=By.ID, value=id_)
  File "/usr/local/lib/python3.8/dist-packages/selenium/webdriver/remote/webdriver.py", line 964, in find_element
    return self.execute(Command.FIND_ELEMENT, {
  File "/usr/local/lib/python3.8/dist-packages/selenium/webdriver/remote/webdriver.py", line 320, in execute
    self.error_handler.check_response(response)
  File "/usr/local/lib/python3.8/dist-packages/selenium/webdriver/remote/errorhandler.py", line 242, in check_response
    raise exception_class(message, screen, stacktrace)
selenium.common.exceptions.NoSuchElementException: Message: no such element: Unable to locate element: {"method":"css selector","selector":"[id="downloader"]"}
  (Session info: headless chrome=90.0.4430.72)



        </pre>
    </div>
    <!--css div popup end-->

    </td>
</tr>

<tr id='ft1.6' class='none'>
    <td class='errorCase'><div class='testcase'>test_download_districtwise</div></td>
    <td colspan='5' align='center'>

    <!--css div popup start-->
    <a class="popup_link" onfocus='this.blur();' href="javascript:showTestDetail('div_ft1.6')" >
        error</a>

    <div id='div_ft1.6' class="popup_window">
        <div style='text-align: right; color:red;cursor:pointer'>
        <a onfocus='this.blur();' onclick="document.getElementById('div_ft1.6').style.display = 'none' " >
           [x]</a>
        </div>
        <pre>
        
ft1.6: Traceback (most recent call last):
  File "/home/chetan/Documents/cQube/cQubeTesting-3.4/cQube_Dashboard/CRC_Visit/crc_report_regression_testing.py", line 31, in test_download_districtwise
    result = b.test_districtwise()
  File "/home/chetan/Documents/cQube/cQubeTesting-3.4/cQube_Dashboard/CRC_Visit/CRC_Report.py", line 268, in test_districtwise
    self.year , self.month = self.cal.get_crc_month_and_year_values()
  File "/home/chetan/Documents/cQube/cQubeTesting-3.4/reuse_func.py", line 240, in get_crc_month_and_year_values
    datetime_object = datetime.datetime.strptime(self.month, "%B")
  File "/usr/lib/python3.8/_strptime.py", line 568, in _strptime_datetime
    tt, fraction, gmtoff_fraction = _strptime(data_string, format)
  File "/usr/lib/python3.8/_strptime.py", line 349, in _strptime
    raise ValueError("time data %r does not match format %r" %
ValueError: time data 'Choose Month' does not match format '%B'


        </pre>
    </div>
    <!--css div popup end-->

    </td>
</tr>

<tr id='ft1.7' class='none'>
    <td class='errorCase'><div class='testcase'>test_download_schoolwise</div></td>
    <td colspan='5' align='center'>

    <!--css div popup start-->
    <a class="popup_link" onfocus='this.blur();' href="javascript:showTestDetail('div_ft1.7')" >
        error</a>

    <div id='div_ft1.7' class="popup_window">
        <div style='text-align: right; color:red;cursor:pointer'>
        <a onfocus='this.blur();' onclick="document.getElementById('div_ft1.7').style.display = 'none' " >
           [x]</a>
        </div>
        <pre>
        
ft1.7: Traceback (most recent call last):
  File "/home/chetan/Documents/cQube/cQubeTesting-3.4/cQube_Dashboard/CRC_Visit/crc_report_regression_testing.py", line 52, in test_download_schoolwise
    result = b.test_schoolwise()
  File "/home/chetan/Documents/cQube/cQubeTesting-3.4/cQube_Dashboard/CRC_Visit/CRC_Report.py", line 218, in test_schoolwise
    District_wise=Select(self.driver.find_element_by_id("downloader"))
  File "/usr/local/lib/python3.8/dist-packages/selenium/webdriver/remote/webdriver.py", line 359, in find_element_by_id
    return self.find_element(by=By.ID, value=id_)
  File "/usr/local/lib/python3.8/dist-packages/selenium/webdriver/remote/webdriver.py", line 964, in find_element
    return self.execute(Command.FIND_ELEMENT, {
  File "/usr/local/lib/python3.8/dist-packages/selenium/webdriver/remote/webdriver.py", line 320, in execute
    self.error_handler.check_response(response)
  File "/usr/local/lib/python3.8/dist-packages/selenium/webdriver/remote/errorhandler.py", line 242, in check_response
    raise exception_class(message, screen, stacktrace)
selenium.common.exceptions.NoSuchElementException: Message: no such element: Unable to locate element: {"method":"css selector","selector":"[id="downloader"]"}
  (Session info: headless chrome=90.0.4430.72)



        </pre>
    </div>
    <!--css div popup end-->

    </td>
</tr>

<tr id='pt1.8' class='hiddenRow'>
    <td class='none'><div class='testcase'>test_homebutton</div></td>
    <td colspan='5' align='center'>

    <!--css div popup start-->
    <a class="popup_link" onfocus='this.blur();' href="javascript:showTestDetail('div_pt1.8')" >
        pass</a>

    <div id='div_pt1.8' class="popup_window">
        <div style='text-align: right; color:red;cursor:pointer'>
        <a onfocus='this.blur();' onclick="document.getElementById('div_pt1.8').style.display = 'none' " >
           [x]</a>
        </div>
        <pre>
        
pt1.8: cQube logo is working fine , landing page is displayed 
checking with home icon and it is working 


        </pre>
    </div>
    <!--css div popup end-->

    </td>
</tr>

<tr id='ft1.9' class='none'>
    <td class='errorCase'><div class='testcase'>test_homeicon</div></td>
    <td colspan='5' align='center'>

    <!--css div popup start-->
    <a class="popup_link" onfocus='this.blur();' href="javascript:showTestDetail('div_ft1.9')" >
        error</a>

    <div id='div_ft1.9' class="popup_window">
        <div style='text-align: right; color:red;cursor:pointer'>
        <a onfocus='this.blur();' onclick="document.getElementById('div_ft1.9').style.display = 'none' " >
           [x]</a>
        </div>
        <pre>
        
ft1.9: Traceback (most recent call last):
  File "/home/chetan/Documents/cQube/cQubeTesting-3.4/cQube_Dashboard/CRC_Visit/crc_report_regression_testing.py", line 66, in test_homeicon
    result = b.test_homeicon()
  File "/home/chetan/Documents/cQube/cQubeTesting-3.4/cQube_Dashboard/CRC_Visit/CRC_Report.py", line 327, in test_homeicon
    dist.select_by_index(1)
  File "/usr/local/lib/python3.8/dist-packages/selenium/webdriver/support/select.py", line 103, in select_by_index
    raise NoSuchElementException("Could not locate element with index %d" % index)
selenium.common.exceptions.NoSuchElementException: Message: Could not locate element with index 1



        </pre>
    </div>
    <!--css div popup end-->

    </td>
</tr>

<tr id='pt1.10' class='hiddenRow'>
    <td class='none'><div class='testcase'>test_logout</div></td>
    <td colspan='5' align='center'>

    <!--css div popup start-->
    <a class="popup_link" onfocus='this.blur();' href="javascript:showTestDetail('div_pt1.10')" >
        pass</a>

    <div id='div_pt1.10' class="popup_window">
        <div style='text-align: right; color:red;cursor:pointer'>
        <a onfocus='this.blur();' onclick="document.getElementById('div_pt1.10').style.display = 'none' " >
           [x]</a>
        </div>
        <pre>
        
pt1.10: login page is displayed
Navigated back to crc report


        </pre>
    </div>
    <!--css div popup end-->

    </td>
</tr>

<tr id='pt1.11' class='hiddenRow'>
    <td class='none'><div class='testcase'>test_navigate_crc</div></td>
    <td colspan='5' align='center'>

    <!--css div popup start-->
    <a class="popup_link" onfocus='this.blur();' href="javascript:showTestDetail('div_pt1.11')" >
        pass</a>

    <div id='div_pt1.11' class="popup_window">
        <div style='text-align: right; color:red;cursor:pointer'>
        <a onfocus='this.blur();' onclick="document.getElementById('div_pt1.11').style.display = 'none' " >
           [x]</a>
        </div>
        <pre>
        
pt1.11: Navigated back to crc report


        </pre>
    </div>
    <!--css div popup end-->

    </td>
</tr>

<tr id='ft1.12' class='none'>
    <td class='errorCase'><div class='testcase'>test_on_clusterlevel_to_hyperlinks</div></td>
    <td colspan='5' align='center'>

    <!--css div popup start-->
    <a class="popup_link" onfocus='this.blur();' href="javascript:showTestDetail('div_ft1.12')" >
        error</a>

    <div id='div_ft1.12' class="popup_window">
        <div style='text-align: right; color:red;cursor:pointer'>
        <a onfocus='this.blur();' onclick="document.getElementById('div_ft1.12').style.display = 'none' " >
           [x]</a>
        </div>
        <pre>
        
ft1.12: Traceback (most recent call last):
  File "/home/chetan/Documents/cQube/cQubeTesting-3.4/cQube_Dashboard/CRC_Visit/crc_report_regression_testing.py", line 110, in test_on_clusterlevel_to_hyperlinks
    result = b.test_hyperlink()
  File "/home/chetan/Documents/cQube/cQubeTesting-3.4/cQube_Dashboard/CRC_Visit/CRC_Report.py", line 527, in test_hyperlink
    dist.select_by_index(1)
  File "/usr/local/lib/python3.8/dist-packages/selenium/webdriver/support/select.py", line 103, in select_by_index
    raise NoSuchElementException("Could not locate element with index %d" % index)
selenium.common.exceptions.NoSuchElementException: Message: Could not locate element with index 1



        </pre>
    </div>
    <!--css div popup end-->

    </td>
</tr>

<tr id='ft1.13' class='none'>
    <td class='errorCase'><div class='testcase'>test_schools_per_cluster_csv_download1</div></td>
    <td colspan='5' align='center'>

    <!--css div popup start-->
    <a class="popup_link" onfocus='this.blur();' href="javascript:showTestDetail('div_ft1.13')" >
        error</a>

    <div id='div_ft1.13' class="popup_window">
        <div style='text-align: right; color:red;cursor:pointer'>
        <a onfocus='this.blur();' onclick="document.getElementById('div_ft1.13').style.display = 'none' " >
           [x]</a>
        </div>
        <pre>
        
ft1.13: Traceback (most recent call last):
  File "/home/chetan/Documents/cQube/cQubeTesting-3.4/cQube_Dashboard/CRC_Visit/crc_report_regression_testing.py", line 72, in test_schools_per_cluster_csv_download1
    result = school.check_csv_download()
  File "/home/chetan/Documents/cQube/cQubeTesting-3.4/cQube_Dashboard/CRC_Visit/CRC_Report.py", line 357, in check_csv_download
    self.year,self.month = self.cal.get_crc_month_and_year_values()
  File "/home/chetan/Documents/cQube/cQubeTesting-3.4/reuse_func.py", line 240, in get_crc_month_and_year_values
    datetime_object = datetime.datetime.strptime(self.month, "%B")
  File "/usr/lib/python3.8/_strptime.py", line 568, in _strptime_datetime
    tt, fraction, gmtoff_fraction = _strptime(data_string, format)
  File "/usr/lib/python3.8/_strptime.py", line 349, in _strptime
    raise ValueError("time data %r does not match format %r" %
ValueError: time data 'Choose Month' does not match format '%B'


        </pre>
    </div>
    <!--css div popup end-->

    </td>
</tr>

<tr id='total_row'>
    <td>Total</td>
    <td>13</td>
    <td>4</td>
    <td>0</td>
    <td>9</td>
    <td>&nbsp;</td>
</tr>
</table>

<div id='ending'>&nbsp;</div>

</body>
</html>
<?xml version="1.0" encoding="UTF-8"?>
<!DOCTYPE html PUBLIC "-//W3C//DTD XHTML 1.0 Strict//EN" "http://www.w3.org/TR/xhtml1/DTD/xhtml1-strict.dtd">
<html xmlns="http://www.w3.org/1999/xhtml">
<head>
    <title>School Infrastructure regression Table Report</title>
    <meta name="generator" content="HTMLTestRunner 0.8.2"/>
    <meta http-equiv="Content-Type" content="text/html; charset=UTF-8"/>
    
<style type="text/css" media="screen">
body        { font-family: verdana, arial, helvetica, sans-serif; font-size: 80%; }
table       { font-size: 100%; }
pre         { }

/* -- heading ---------------------------------------------------------------------- */
h1 {
	font-size: 16pt;
	color: gray;
}
.heading {
    margin-top: 0ex;
    margin-bottom: 1ex;
}

.heading .attribute {
    margin-top: 1ex;
    margin-bottom: 0;
}

.heading .description {
    margin-top: 4ex;
    margin-bottom: 6ex;
}

/* -- css div popup ------------------------------------------------------------------------ */
a.popup_link {
}

a.popup_link:hover {
    color: red;
}

.popup_window {
    display: none;
    position: relative;
    left: 0px;
    top: 0px;
    /*border: solid #627173 1px; */
    padding: 10px;
    background-color: #E6E6D6;
    font-family: "Lucida Console", "Courier New", Courier, monospace;
    text-align: left;
    font-size: 8pt;
    width: 500px;
}

}
/* -- report ------------------------------------------------------------------------ */
#show_detail_line {
    margin-top: 3ex;
    margin-bottom: 1ex;
}
#result_table {
    width: 80%;
    border-collapse: collapse;
    border: 1px solid #777;
}
#header_row {
    font-weight: bold;
    color: white;
    background-color: #777;
}
#result_table td {
    border: 1px solid #777;
    padding: 2px;
}
#total_row  { font-weight: bold; }
.passClass  { background-color: #6c6; }
.failClass  { background-color: #c60; }
.errorClass { background-color: #c00; }
.passCase   { color: #6c6; }
.failCase   { color: #c60; font-weight: bold; }
.errorCase  { color: #c00; font-weight: bold; }
.hiddenRow  { display: none; }
.testcase   { margin-left: 2em; }


/* -- ending ---------------------------------------------------------------------- */
#ending {
}

</style>

</head>
<body>
<script language="javascript" type="text/javascript"><!--
output_list = Array();

/* level - 0:Summary; 1:Failed; 2:All */
function showCase(level) {
    trs = document.getElementsByTagName("tr");
    for (var i = 0; i < trs.length; i++) {
        tr = trs[i];
        id = tr.id;
        if (id.substr(0,2) == 'ft') {
            if (level < 1) {
                tr.className = 'hiddenRow';
            }
            else {
                tr.className = '';
            }
        }
        if (id.substr(0,2) == 'pt') {
            if (level > 1) {
                tr.className = '';
            }
            else {
                tr.className = 'hiddenRow';
            }
        }
    }
}


function showClassDetail(cid, count) {
    var id_list = Array(count);
    var toHide = 1;
    for (var i = 0; i < count; i++) {
        tid0 = 't' + cid.substr(1) + '.' + (i+1);
        tid = 'f' + tid0;
        tr = document.getElementById(tid);
        if (!tr) {
            tid = 'p' + tid0;
            tr = document.getElementById(tid);
        }
        id_list[i] = tid;
        if (tr.className) {
            toHide = 0;
        }
    }
    for (var i = 0; i < count; i++) {
        tid = id_list[i];
        if (toHide) {
            document.getElementById('div_'+tid).style.display = 'none'
            document.getElementById(tid).className = 'hiddenRow';
        }
        else {
            document.getElementById(tid).className = '';
        }
    }
}


function showTestDetail(div_id){
    var details_div = document.getElementById(div_id)
    var displayState = details_div.style.display
    // alert(displayState)
    if (displayState != 'block' ) {
        displayState = 'block'
        details_div.style.display = 'block'
    }
    else {
        details_div.style.display = 'none'
    }
}


function html_escape(s) {
    s = s.replace(/&/g,'&amp;');
    s = s.replace(/</g,'&lt;');
    s = s.replace(/>/g,'&gt;');
    return s;
}

/* obsoleted by detail in <div>
function showOutput(id, name) {
    var w = window.open("", //url
                    name,
                    "resizable,scrollbars,status,width=800,height=450");
    d = w.document;
    d.write("<pre>");
    d.write(html_escape(output_list[id]));
    d.write("\n");
    d.write("<a href='javascript:window.close()'>close</a>\n");
    d.write("</pre>\n");
    d.close();
}
*/
--></script>

<div class='heading'>
<h1>School Infrastructure regression Table Report</h1>
<p class='attribute'><strong>Start Time:</strong> 2022-03-04 23:07:03</p>
<p class='attribute'><strong>Duration:</strong> 0:03:31.184401</p>
<p class='attribute'><strong>Status:</strong> Pass 11 Failure 3 Error 1</p>

<p class='description'></p>
</div>



<p id='show_detail_line'>Show
<a href='javascript:showCase(0)'>Summary</a>
<a href='javascript:showCase(1)'>Failed</a>
<a href='javascript:showCase(2)'>All</a>
</p>
<table id='result_table'>
<colgroup>
<col align='left' />
<col align='right' />
<col align='right' />
<col align='right' />
<col align='right' />
<col align='right' />
</colgroup>
<tr id='header_row'>
    <td>Test Group/Test case</td>
    <td>Count</td>
    <td>Pass</td>
    <td>Fail</td>
    <td>Error</td>
    <td>View</td>
</tr>

<tr class='errorClass'>
    <td>cQube_Dashboard.School_Infrastructure.composite_report.School_report_regression_testing.cQube_SI_Report</td>
    <td>15</td>
    <td>11</td>
    <td>3</td>
    <td>1</td>
    <td><a href="javascript:showClassDetail('c1',15)">Detail</a></td>
</tr>

<tr id='ft1.1' class='none'>
    <td class='errorCase'><div class='testcase'>test_check_hyperlinks</div></td>
    <td colspan='5' align='center'>

    <!--css div popup start-->
    <a class="popup_link" onfocus='this.blur();' href="javascript:showTestDetail('div_ft1.1')" >
        error</a>

    <div id='div_ft1.1' class="popup_window">
        <div style='text-align: right; color:red;cursor:pointer'>
        <a onfocus='this.blur();' onclick="document.getElementById('div_ft1.1').style.display = 'none' " >
           [x]</a>
        </div>
        <pre>
        
ft1.1: Traceback (most recent call last):
  File "/home/chetan/Documents/cQube/cQubeTesting-3.4/cQube_Dashboard/School_Infrastructure/composite_report/School_report_regression_testing.py", line 56, in test_check_hyperlinks
    choose_dist = hyperlinks.click_on_hyperlinks()
  File "/home/chetan/Documents/cQube/cQubeTesting-3.4/cQube_Dashboard/School_Infrastructure/composite_report/Composite_Report.py", line 178, in click_on_hyperlinks
    self.driver.find_element_by_xpath(Data.hyper_link).click()
  File "/usr/local/lib/python3.8/dist-packages/selenium/webdriver/remote/webelement.py", line 80, in click
    self._execute(Command.CLICK_ELEMENT)
  File "/usr/local/lib/python3.8/dist-packages/selenium/webdriver/remote/webelement.py", line 628, in _execute
    return self._parent.execute(command, params)
  File "/usr/local/lib/python3.8/dist-packages/selenium/webdriver/remote/webdriver.py", line 320, in execute
    self.error_handler.check_response(response)
  File "/usr/local/lib/python3.8/dist-packages/selenium/webdriver/remote/errorhandler.py", line 242, in check_response
    raise exception_class(message, screen, stacktrace)
selenium.common.exceptions.ElementClickInterceptedException: Message: element click intercepted: Element &lt;span class="selected-level" style="cursor: pointer; text-decoration: underline;"&gt;...&lt;/span&gt; is not clickable at point (509, 147). Other element would receive the click: &lt;div class="mat-drawer-backdrop ng-star-inserted"&gt;&lt;/div&gt;
  (Session info: headless chrome=90.0.4430.72)



        </pre>
    </div>
    <!--css div popup end-->

    </td>
</tr>

<tr id='pt1.2' class='hiddenRow'>
    <td class='none'><div class='testcase'>test_check_orderwise</div></td>
    <td colspan='5' align='center'>

    <!--css div popup start-->
    <a class="popup_link" onfocus='this.blur();' href="javascript:showTestDetail('div_pt1.2')" >
        pass</a>

    <div id='div_pt1.2' class="popup_window">
        <div style='text-align: right; color:red;cursor:pointer'>
        <a onfocus='this.blur();' onclick="document.getElementById('div_pt1.2').style.display = 'none' " >
           [x]</a>
        </div>
        <pre>
        
pt1.2: Table record order wise..
descending
None
ascending
None
ascending
None
descending
None
checked with orderwise of table data


        </pre>
    </div>
    <!--css div popup end-->

    </td>
</tr>

<tr id='pt1.3' class='hiddenRow'>
    <td class='none'><div class='testcase'>test_dashboard</div></td>
    <td colspan='5' align='center'>

    <!--css div popup start-->
    <a class="popup_link" onfocus='this.blur();' href="javascript:showTestDetail('div_pt1.3')" >
        pass</a>

    <div id='div_pt1.3' class="popup_window">
        <div style='text-align: right; color:red;cursor:pointer'>
        <a onfocus='this.blur();' onclick="document.getElementById('div_pt1.3').style.display = 'none' " >
           [x]</a>
        </div>
        <pre>
        
pt1.3: check with dashboard options is working fine 


        </pre>
    </div>
    <!--css div popup end-->

    </td>
</tr>

<tr id='pt1.4' class='hiddenRow'>
    <td class='none'><div class='testcase'>test_download_blockwise</div></td>
    <td colspan='5' align='center'>

    <!--css div popup start-->
    <a class="popup_link" onfocus='this.blur();' href="javascript:showTestDetail('div_pt1.4')" >
        pass</a>

    <div id='div_pt1.4' class="popup_window">
        <div style='text-align: right; color:red;cursor:pointer'>
        <a onfocus='this.blur();' onclick="document.getElementById('div_pt1.4').style.display = 'none' " >
           [x]</a>
        </div>
        <pre>
        
pt1.4: /home/chetan/Documents/cQube/cQubeTesting-3.4/Downloads/composite_report_govt_allBlocks_04-03-2022.csv
Block level file is downloaded
blockwise csv file downloaded


        </pre>
    </div>
    <!--css div popup end-->

    </td>
</tr>

<tr id='ft1.5' class='none'>
    <td class='failCase'><div class='testcase'>test_download_clusterwise</div></td>
    <td colspan='5' align='center'>

    <!--css div popup start-->
    <a class="popup_link" onfocus='this.blur();' href="javascript:showTestDetail('div_ft1.5')" >
        fail</a>

    <div id='div_ft1.5' class="popup_window">
        <div style='text-align: right; color:red;cursor:pointer'>
        <a onfocus='this.blur();' onclick="document.getElementById('div_ft1.5').style.display = 'none' " >
           [x]</a>
        </div>
        <pre>
        
ft1.5: File is not downloaded 
Traceback (most recent call last):
  File "/home/chetan/Documents/cQube/cQubeTesting-3.4/cQube_Dashboard/School_Infrastructure/composite_report/School_report_regression_testing.py", line 43, in test_download_clusterwise
    self.assertEqual(0,res, msg="File is not downloaded")
  File "/snap/pycharm-community/267/plugins/python-ce/helpers/pycharm/teamcity/diff_tools.py", line 33, in _patched_equals
    old(self, first, second, msg)
AssertionError: 0 != 1 : File is not downloaded


        </pre>
    </div>
    <!--css div popup end-->

    </td>
</tr>

<tr id='pt1.6' class='hiddenRow'>
    <td class='none'><div class='testcase'>test_download_districtwise</div></td>
    <td colspan='5' align='center'>

    <!--css div popup start-->
    <a class="popup_link" onfocus='this.blur();' href="javascript:showTestDetail('div_pt1.6')" >
        pass</a>

    <div id='div_pt1.6' class="popup_window">
        <div style='text-align: right; color:red;cursor:pointer'>
        <a onfocus='this.blur();' onclick="document.getElementById('div_pt1.6').style.display = 'none' " >
           [x]</a>
        </div>
        <pre>
        
pt1.6: /home/chetan/Documents/cQube/cQubeTesting-3.4/Downloads/composite_report_govt_blocks_of_district_2426_04-03-2022.csv
/home/chetan/Documents/cQube/cQubeTesting-3.4/Downloads/composite_report_govt_blocks_of_district_2423_04-03-2022.csv
/home/chetan/Documents/cQube/cQubeTesting-3.4/Downloads/composite_report_govt_blocks_of_district_2419_04-03-2022.csv
/home/chetan/Documents/cQube/cQubeTesting-3.4/Downloads/composite_report_govt_blocks_of_district_2425_04-03-2022.csv
districtwise csv file is downloaded


        </pre>
    </div>
    <!--css div popup end-->

    </td>
</tr>

<tr id='ft1.7' class='none'>
    <td class='failCase'><div class='testcase'>test_download_schoolwise</div></td>
    <td colspan='5' align='center'>

    <!--css div popup start-->
    <a class="popup_link" onfocus='this.blur();' href="javascript:showTestDetail('div_ft1.7')" >
        fail</a>

    <div id='div_ft1.7' class="popup_window">
        <div style='text-align: right; color:red;cursor:pointer'>
        <a onfocus='this.blur();' onclick="document.getElementById('div_ft1.7').style.display = 'none' " >
           [x]</a>
        </div>
        <pre>
        
ft1.7: File is not downloaded 
Traceback (most recent call last):
  File "/home/chetan/Documents/cQube/cQubeTesting-3.4/cQube_Dashboard/School_Infrastructure/composite_report/School_report_regression_testing.py", line 50, in test_download_schoolwise
    self.assertEqual(0,res, msg="File is not downloaded")
  File "/snap/pycharm-community/267/plugins/python-ce/helpers/pycharm/teamcity/diff_tools.py", line 33, in _patched_equals
    old(self, first, second, msg)
AssertionError: 0 != 1 : File is not downloaded


        </pre>
    </div>
    <!--css div popup end-->

    </td>
</tr>

<tr id='pt1.8' class='hiddenRow'>
    <td class='none'><div class='testcase'>test_homebutton</div></td>
    <td colspan='5' align='center'>

    <!--css div popup start-->
    <a class="popup_link" onfocus='this.blur();' href="javascript:showTestDetail('div_pt1.8')" >
        pass</a>

    <div id='div_pt1.8' class="popup_window">
        <div style='text-align: right; color:red;cursor:pointer'>
        <a onfocus='this.blur();' onclick="document.getElementById('div_pt1.8').style.display = 'none' " >
           [x]</a>
        </div>
        <pre>
        
pt1.8: Dashboard Page is displayed 
homeicon is working..


        </pre>
    </div>
    <!--css div popup end-->

    </td>
</tr>

<tr id='pt1.9' class='hiddenRow'>
    <td class='none'><div class='testcase'>test_logout</div></td>
    <td colspan='5' align='center'>

    <!--css div popup start-->
    <a class="popup_link" onfocus='this.blur();' href="javascript:showTestDetail('div_pt1.9')" >
        pass</a>

    <div id='div_pt1.9' class="popup_window">
        <div style='text-align: right; color:red;cursor:pointer'>
        <a onfocus='this.blur();' onclick="document.getElementById('div_pt1.9').style.display = 'none' " >
           [x]</a>
        </div>
        <pre>
        
pt1.9: logout functionality is working...


        </pre>
    </div>
    <!--css div popup end-->

    </td>
</tr>

<tr id='pt1.10' class='hiddenRow'>
    <td class='none'><div class='testcase'>test_plotxvalues</div></td>
    <td colspan='5' align='center'>

    <!--css div popup start-->
    <a class="popup_link" onfocus='this.blur();' href="javascript:showTestDetail('div_pt1.10')" >
        pass</a>

    <div id='div_pt1.10' class="popup_window">
        <div style='text-align: right; color:red;cursor:pointer'>
        <a onfocus='this.blur();' onclick="document.getElementById('div_pt1.10').style.display = 'none' " >
           [x]</a>
        </div>
        <pre>
        
pt1.10: Both x and y axis are selectable 
Checked with xaxis values are working..


        </pre>
    </div>
    <!--css div popup end-->

    </td>
</tr>

<tr id='pt1.11' class='hiddenRow'>
    <td class='none'><div class='testcase'>test_plotyvalues</div></td>
    <td colspan='5' align='center'>

    <!--css div popup start-->
    <a class="popup_link" onfocus='this.blur();' href="javascript:showTestDetail('div_pt1.11')" >
        pass</a>

    <div id='div_pt1.11' class="popup_window">
        <div style='text-align: right; color:red;cursor:pointer'>
        <a onfocus='this.blur();' onclick="document.getElementById('div_pt1.11').style.display = 'none' " >
           [x]</a>
        </div>
        <pre>
        
pt1.11: Both x and y axis are selectable 
Checked with  y axis values are working..


        </pre>
    </div>
    <!--css div popup end-->

    </td>
</tr>

<tr id='ft1.12' class='none'>
    <td class='failCase'><div class='testcase'>test_sc_scator_blockwise</div></td>
    <td colspan='5' align='center'>

    <!--css div popup start-->
    <a class="popup_link" onfocus='this.blur();' href="javascript:showTestDetail('div_ft1.12')" >
        fail</a>

    <div id='div_ft1.12' class="popup_window">
        <div style='text-align: right; color:red;cursor:pointer'>
        <a onfocus='this.blur();' onclick="document.getElementById('div_ft1.12').style.display = 'none' " >
           [x]</a>
        </div>
        <pre>
        
ft1.12: Dharampur no data found!
Kaparada no data found!
Pardi no data found!
Umbergaon no data found!
Valsad no data found!
Vapi no data found!
Traceback (most recent call last):
  File "/home/chetan/Documents/cQube/cQubeTesting-3.4/cQube_Dashboard/School_Infrastructure/composite_report/School_report_regression_testing.py", line 132, in test_sc_scator_blockwise
    self.assertEqual(0,result,msg="No data found")
  File "/snap/pycharm-community/267/plugins/python-ce/helpers/pycharm/teamcity/diff_tools.py", line 33, in _patched_equals
    old(self, first, second, msg)
AssertionError: 0 != 6 : No data found


        </pre>
    </div>
    <!--css div popup end-->

    </td>
</tr>

<tr id='pt1.13' class='hiddenRow'>
    <td class='none'><div class='testcase'>test_sc_scator_districtwise</div></td>
    <td colspan='5' align='center'>

    <!--css div popup start-->
    <a class="popup_link" onfocus='this.blur();' href="javascript:showTestDetail('div_pt1.13')" >
        pass</a>

    <div id='div_pt1.13' class="popup_window">
        <div style='text-align: right; color:red;cursor:pointer'>
        <a onfocus='this.blur();' onclick="document.getElementById('div_pt1.13').style.display = 'none' " >
           [x]</a>
        </div>
        <pre>
        
pt1.13: /home/chetan/Documents/cQube/cQubeTesting-3.4/Downloads/composite_report_govt_blocks_of_district_2426_04-03-2022.csv
/home/chetan/Documents/cQube/cQubeTesting-3.4/Downloads/composite_report_govt_blocks_of_district_2423_04-03-2022.csv
/home/chetan/Documents/cQube/cQubeTesting-3.4/Downloads/composite_report_govt_blocks_of_district_2419_04-03-2022.csv
/home/chetan/Documents/cQube/cQubeTesting-3.4/Downloads/composite_report_govt_blocks_of_district_2425_04-03-2022.csv
Checked with each district wise records


        </pre>
    </div>
    <!--css div popup end-->

    </td>
</tr>

<tr id='pt1.14' class='hiddenRow'>
    <td class='none'><div class='testcase'>test_schools_per_cluster_csv_download1</div></td>
    <td colspan='5' align='center'>

    <!--css div popup start-->
    <a class="popup_link" onfocus='this.blur();' href="javascript:showTestDetail('div_pt1.14')" >
        pass</a>

    <div id='div_pt1.14' class="popup_window">
        <div style='text-align: right; color:red;cursor:pointer'>
        <a onfocus='this.blur();' onclick="document.getElementById('div_pt1.14').style.display = 'none' " >
           [x]</a>
        </div>
        <pre>
        
pt1.14: Valsad
Schools per cluster csv download report is working
on selection of each district,block and cluster
The footer value of no of schools and no of students are
equals to downloaded file


        </pre>
    </div>
    <!--css div popup end-->

    </td>
</tr>

<tr id='pt1.15' class='hiddenRow'>
    <td class='none'><div class='testcase'>test_tabledata_districtwise</div></td>
    <td colspan='5' align='center'>

    <!--css div popup start-->
    <a class="popup_link" onfocus='this.blur();' href="javascript:showTestDetail('div_pt1.15')" >
        pass</a>

    <div id='div_pt1.15' class="popup_window">
        <div style='text-align: right; color:red;cursor:pointer'>
        <a onfocus='this.blur();' onclick="document.getElementById('div_pt1.15').style.display = 'none' " >
           [x]</a>
        </div>
        <pre>
        
pt1.15: Tables having Records...
Tables having Records...
Records are present...
Districtwise table data is present...


        </pre>
    </div>
    <!--css div popup end-->

    </td>
</tr>

<tr id='total_row'>
    <td>Total</td>
    <td>15</td>
    <td>11</td>
    <td>3</td>
    <td>1</td>
    <td>&nbsp;</td>
</tr>
</table>

<div id='ending'>&nbsp;</div>

</body>
</html>
